
ROM used:   1463/8192 (18%)
            1463/8192 (18%) including unused fragments

            1.2 Average locations per line
            9.1 Average locations per statement

RAM used:   17/368 (5%) at main() level
            39/368 (11%) worst case

Stack used: 5 worst case (5 in main + 0 for interrupts)
Stack size: 8

Lines Stmts  %   Files
----- ----- ---  -----
  107    60  38  main.c
  708     0   0  ..\..\..\..\..\..\Program Files (x86)\PICC\Devices\16F877A.h
  456   100  62  ..\..\..\..\..\..\Program Files (x86)\PICC\Drivers\lcd.c
----- -----
 1271   160 Total

Page ROM  %  RAM    Vol Diff  Functions:
---- --- --- ---    --- ----  ----------
0     20   1    1             @delay_ms1
0     17   1    1             @delay_us1
 Inline         3    760  4.5  lcd_read_byte
0     49   3    2    262  3.7  lcd_read_nibble
0     44   3    1    399  2.4  lcd_send_nibble
0     92   6    3    415  3.7  lcd_send_byte
0     70   5    6    852  6.2  lcd_init
0     18   1    4    208  6.3  lcd_gotoxy
0     44   3    1    354  4.7  lcd_putc
0     38   3    1    179  2.7  ds18b20_start
 Inline         1    154  1.8  ds18b20_write_bit
0     49   3    3    120  3.7  ds18b20_write_byte
 Inline         1    183  2.3  ds18b20_read_bit
0     45   3    2    166  4.4  ds18b20_read_byte
0     88   6    8    331  5.8  ds18b20_read
0    122   8    4    447  4.6  MAIN
0      7   0    0             @const754
0     86   6    4             @PSTRINGC7_724
0     39   3    2             @SITOF
0    204  14   14             @DIVFF
 Inline        13             @MULFF
 Inline         5             @FTOSD
0     79   5   13             @DIV3232
0    341  23   13             @PRINTF_L32D_724FPFPF
0      2   0    0             @const776
0      5   0    0             @const777
 Inline         0             @cinit1

Program metrics:
    Functions               14
    Statements              160
    Comments                272
    Volume (V)              8104
    Difficulty (D)          55.1
    Effort to implement (E) 446501
    Time to implement (T)   6 hours, 53 minutes
    Est Delivered Bugs (B)  2
    Cyclomatic Complexity   14
    Maintainability (MI)    124

 Segment     Used  Free
-----------  ----  ----
00000-00003     4  0  
00004-007FF  1459  585  
00800-00FFF     0  2048  
01000-017FF     0  2048  
01800-01FFF     0  2048  



