
ROM used:   1118/8192 (14%)
            1118/8192 (14%) including unused fragments

            0.8 Average locations per line
            5.7 Average locations per statement

RAM used:   51/368 (14%) at main() level
            63/368 (17%) worst case

Stack used: 5 worst case (5 in main + 0 for interrupts)
Stack size: 8

Lines Stmts  %   Files
----- ----- ---  -----
  136    96  49  main.c
  810     0   0  ..\..\..\..\..\..\Program Files (x86)\PICC\Devices\16F887.h
  456   100  51  ..\..\..\..\..\..\Program Files (x86)\PICC\Drivers\lcd.c
----- -----
 1402   196 Total

Page ROM  %  RAM    Vol Diff  Functions:
---- --- --- ---    --- ----  ----------
0     20   2    1             @delay_ms1
 Inline         3    760  4.5  lcd_read_byte
0     49   4    2    262  3.7  lcd_read_nibble
0     44   4    1    399  2.4  lcd_send_nibble
0     92   8    3    415  3.7  lcd_send_byte
0     70   6    6    852  6.2  lcd_init
0     18   2    4    208  6.3  lcd_gotoxy
0     44   4    1    354  4.7  lcd_putc
0     19   2    0    106  1.3  start_signal
0    103   9    2    326  5.5  check_response
0    103   9    4    516  7.1  Read_Data
0    380  34    2   2321  8.3  MAIN
0      5   0    0             @const761
0     86   8    4             @PSTRINGC7_731
0     37   3    5             @DIV1616
0     22   2    2             @PSTRINGR_731
0      8   1    0             @const770
0      6   1    0             @const771
0      8   1    0             @const772
 Inline         0             @cinit1

Program metrics:
    Functions               11
    Statements              196
    Comments                298
    Volume (V)              9879
    Difficulty (D)          52.5
    Effort to implement (E) 518575
    Time to implement (T)   8 hours, 0 minutes
    Est Delivered Bugs (B)  2
    Cyclomatic Complexity   20
    Maintainability (MI)    137

 Segment     Used  Free
-----------  ----  ----
00000-00003     4  0  
00004-007FF  1114  930  
00800-00FFF     0  2048  
01000-017FF     0  2048  
01800-01FFF     0  2048  



